<?xml version="1.0" encoding="UTF-8"?>
<testng-results ignored="0" total="0" passed="0" failed="0" skipped="0">
  <reporter-output>
  </reporter-output>
  <suite started-at="2020-10-23T15:43:45 IST" name="Default suite" finished-at="2020-10-23T15:43:45 IST" duration-ms="651">
    <groups>
      <group name="cucumber">
        <method signature="AbstractTestNGCucumberTests.runScenario(io.cucumber.testng.PickleWrapper, io.cucumber.testng.FeatureWrapper)[pri:0, instance:TestRunner.TestRun@43dac38f]" name="runScenario" class="io.cucumber.testng.AbstractTestNGCucumberTests"/>
      </group> <!-- cucumber -->
    </groups>
    <test started-at="2020-10-23T15:43:45 IST" name="Default test" finished-at="2020-10-23T15:43:45 IST" duration-ms="651">
      <class name="TestRunner.TestRun">
        <test-method is-config="true" signature="setUpClass()[pri:0, instance:TestRunner.TestRun@43dac38f]" started-at="2020-10-23T15:43:45 IST" name="setUpClass" finished-at="2020-10-23T15:43:45 IST" duration-ms="559" status="PASS">
          <reporter-output>
          </reporter-output>
        </test-method> <!-- setUpClass -->
        <test-method is-config="true" signature="tearDownClass()[pri:0, instance:TestRunner.TestRun@43dac38f]" started-at="2020-10-23T15:43:45 IST" name="tearDownClass" finished-at="2020-10-23T15:43:45 IST" duration-ms="27" status="PASS">
          <reporter-output>
          </reporter-output>
        </test-method> <!-- tearDownClass -->
      </class> <!-- TestRunner.TestRun -->
    </test> <!-- Default test -->
  </suite> <!-- Default suite -->
</testng-results>
